<?xml version="1.0" encoding="UTF-8"?>
<testsuite xmlns:xsi="http://www.w3.org/2001/XMLSchema-instance" xsi:noNamespaceSchemaLocation="https://maven.apache.org/surefire/maven-surefire-plugin/xsd/surefire-test-report.xsd" name="TestSuite" time="43.951" tests="2" errors="0" skipped="0" failures="1">
  <properties>
[...]
</properties>
  <testcase name="basepageLogin" classname="Tests.HomePage" time="11.351"/>
  <testcase name="DashboardTest" classname="Tests.HomePage" time="12.271">
    <failure message="Unable to locate element: .page\-title\-action&#10;For documentation on this error, please visit: https://www.seleniumhq.org/exceptions/no_such_element.html&#10;Build info: version: &apos;3.141.59&apos;, revision: &apos;e82be7d358&apos;, time: &apos;2018-11-14T08:17:03&apos;&#10;System info: host: &apos;DESKTOP-R04PGOT&apos;, ip: &apos;192.168.0.102&apos;, os.name: &apos;Windows 10&apos;, os.arch: &apos;amd64&apos;, os.version: &apos;10.0&apos;, java.version: &apos;1.8.0_181&apos;&#10;Driver info: org.openqa.selenium.firefox.FirefoxDriver&#10;Capabilities {acceptInsecureCerts: true, browserName: firefox, browserVersion: 62.0.2, javascriptEnabled: true, moz:accessibilityChecks: false, moz:geckodriverVersion: 0.22.0, moz:headless: false, moz:processID: 6688, moz:profile: C:\Users\pratik poudel\AppD..., moz:useNonSpecCompliantPointerOrigin: false, moz:webdriverClick: true, pageLoadStrategy: normal, platform: XP, platformName: XP, platformVersion: 10.0, rotatable: false, timeouts: {implicit: 0, pageLoad: 300000, script: 30000}}&#10;Session ID: d752a960-1a47-461a-b436-cf3b9d776bc7&#10;*** Element info: {Using=class name, value=page-title-action}" type="org.openqa.selenium.NoSuchElementException">org.openqa.selenium.NoSuchElementException: 
Unable to locate element: .page\-title\-action
For documentation on this error, please visit: https://www.seleniumhq.org/exceptions/no_such_element.html
Build info: version: '3.141.59', revision: 'e82be7d358', time: '2018-11-14T08:17:03'
System info: host: 'DESKTOP-R04PGOT', ip: '192.168.0.102', os.name: 'Windows 10', os.arch: 'amd64', os.version: '10.0', java.version: '1.8.0_181'
Driver info: org.openqa.selenium.firefox.FirefoxDriver
Capabilities {acceptInsecureCerts: true, browserName: firefox, browserVersion: 62.0.2, javascriptEnabled: true, moz:accessibilityChecks: false, moz:geckodriverVersion: 0.22.0, moz:headless: false, moz:processID: 6688, moz:profile: C:\Users\pratik poudel\AppD..., moz:useNonSpecCompliantPointerOrigin: false, moz:webdriverClick: true, pageLoadStrategy: normal, platform: XP, platformName: XP, platformVersion: 10.0, rotatable: false, timeouts: {implicit: 0, pageLoad: 300000, script: 30000}}
Session ID: d752a960-1a47-461a-b436-cf3b9d776bc7
*** Element info: {Using=class name, value=page-title-action}
	at Tests.HomePage.DashboardTest(HomePage.java:41)
</failure>
    <system-err><![CDATA[1542729596283	Marionette	DEBUG	[6442450945] Received DOM event beforeunload for http://demosite.center/wordpress/wp-admin/
1542729597655	Marionette	DEBUG	[6442450945] Received DOM event pagehide for http://demosite.center/wordpress/wp-admin/
1542729597667	Marionette	DEBUG	[6442450945] Received DOM event unload for http://demosite.center/wordpress/wp-admin/
1542729598084	Marionette	DEBUG	[6442450945] Received DOM event DOMContentLoaded for http://demosite.center/wordpress/wp-login.php?redirect_to=http%3A%2F%2Fdemosite.center%2Fwordpress%2Fwp-admin%2Fedit.php&reauth=1
1542729598391	Marionette	DEBUG	[6442450945] Received DOM event pageshow for http://demosite.center/wordpress/wp-login.php?redirect_to=http%3A%2F%2Fdemosite.center%2Fwordpress%2Fwp-admin%2Fedit.php&reauth=1
]]></system-err>
  </testcase>
</testsuite>